{
  "RSpec": {
    "coverage": {
      "C:/Users/owner/Desktop/Coding/TTS/NLR/practice/todo_with_rspec/app/models/task.rb": [
        1,
        1,
        1,
        1,
        null,
        1,
        null
      ],
      "C:/Users/owner/Desktop/Coding/TTS/NLR/practice/todo_with_rspec/app/models/application_record.rb": [
        1,
        1,
        null
      ],
      "C:/Users/owner/Desktop/Coding/TTS/NLR/practice/todo_with_rspec/app/models/user.rb": [
        1,
        null,
        null,
        1,
        null,
        1,
        null,
        1,
        null,
        1,
        0,
        null,
        null
      ],
      "C:/Users/owner/Desktop/Coding/TTS/NLR/practice/todo_with_rspec/app/helpers/application_helper.rb": [
        1,
        null
      ],
      "C:/Users/owner/Desktop/Coding/TTS/NLR/practice/todo_with_rspec/app/helpers/tasks_helper.rb": [
        1,
        null
      ],
      "C:/Users/owner/Desktop/Coding/TTS/NLR/practice/todo_with_rspec/app/controllers/tasks_controller.rb": [
        1,
        null,
        1,
        1,
        null,
        1,
        3,
        null,
        null,
        1,
        null,
        null,
        1,
        2,
        null,
        null,
        1,
        null,
        null,
        1,
        3,
        3,
        null,
        3,
        3,
        0,
        null,
        6,
        null,
        null,
        null,
        null,
        1,
        0,
        0,
        0,
        null,
        0,
        null,
        null,
        null,
        null,
        1,
        0,
        0,
        0,
        null,
        null,
        null,
        1,
        null,
        1,
        8,
        null,
        null,
        1,
        3,
        null,
        null,
        null
      ],
      "C:/Users/owner/Desktop/Coding/TTS/NLR/practice/todo_with_rspec/app/controllers/application_controller.rb": [
        1,
        1,
        null
      ],
      "C:/Users/owner/Desktop/Coding/TTS/NLR/practice/todo_with_rspec/app/channels/application_cable/channel.rb": [
        0,
        0,
        0,
        0
      ],
      "C:/Users/owner/Desktop/Coding/TTS/NLR/practice/todo_with_rspec/app/channels/application_cable/connection.rb": [
        0,
        0,
        0,
        0
      ],
      "C:/Users/owner/Desktop/Coding/TTS/NLR/practice/todo_with_rspec/app/jobs/application_job.rb": [
        0,
        0
      ],
      "C:/Users/owner/Desktop/Coding/TTS/NLR/practice/todo_with_rspec/app/mailers/application_mailer.rb": [
        0,
        0,
        0,
        0
      ]
    },
    "timestamp": 1514594689
  }
}
